Using pre-set license
Built from '2020.3/staging' branch; Version is '2020.3.43f1 (75bff06b76bf) revision 7716848'; Using compiler version '192528614'; Build Type 'Release'
OS: 'Windows 10  (10.0.19045) 64bit Professional' Language: 'en' Physical Memory: 16293 MB
BatchMode: 1, IsHumanControllingUs: 0, StartBugReporterOnCrash: 0, Is64bit: 1, IsPro: 0

COMMAND LINE ARGUMENTS:
E:\Unity Work\Program Unity\2020.3.43f1\Editor\Unity.exe
-adb2
-batchMode
-noUpm
-name
AssetImportWorker0
-projectPath
E:/Unity Work/Work/Project 01/Project 01
-logFile
Logs/AssetImportWorker0.log
-srvPort
58685
Successfully changed project path to: E:/Unity Work/Work/Project 01/Project 01
E:/Unity Work/Work/Project 01/Project 01
Using Asset Import Pipeline V2.
Refreshing native plugins compatible for Editor in 50.28 ms, found 2 plugins.
Preloading 0 native plugins for Editor in 0.00 ms.
Initialize engine version: 2020.3.43f1 (75bff06b76bf)
[Subsystems] Discovering subsystems at path E:/Unity Work/Program Unity/2020.3.43f1/Editor/Data/Resources/UnitySubsystems
[Subsystems] Discovering subsystems at path E:/Unity Work/Work/Project 01/Project 01/Assets
GfxDevice: creating device client; threaded=0
Direct3D:
    Version:  Direct3D 11.0 [level 11.1]
    Renderer: NVIDIA GeForce GTX 1660 (ID=0x2184)
    Vendor:   
    VRAM:     5980 MB
    Driver:   31.0.15.2756
Initialize mono
Mono path[0] = 'E:/Unity Work/Program Unity/2020.3.43f1/Editor/Data/Managed'
Mono path[1] = 'E:/Unity Work/Program Unity/2020.3.43f1/Editor/Data/MonoBleedingEdge/lib/mono/unityjit'
Mono config path = 'E:/Unity Work/Program Unity/2020.3.43f1/Editor/Data/MonoBleedingEdge/etc'
Using monoOptions --debugger-agent=transport=dt_socket,embedding=1,server=y,suspend=n,address=127.0.0.1:56156
Begin MonoManager ReloadAssembly
Registering precompiled unity dll's ...
Register platform support module: E:/Unity Work/Program Unity/2020.3.43f1/Editor/Data/PlaybackEngines/WebGLSupport/UnityEditor.WebGL.Extensions.dll
Register platform support module: E:/Unity Work/Program Unity/2020.3.43f1/Editor/Data/PlaybackEngines/WindowsStandaloneSupport/UnityEditor.WindowsStandalone.Extensions.dll
Registered in 0.001204 seconds.
Native extension for WindowsStandalone target not found
Native extension for WebGL target not found
Refreshing native plugins compatible for Editor in 52.44 ms, found 2 plugins.
Preloading 0 native plugins for Editor in 0.00 ms.
Mono: successfully reloaded assembly
- Completed reload, in  0.508 seconds
Domain Reload Profiling:
	ReloadAssembly (508ms)
		BeginReloadAssembly (48ms)
			ExecutionOrderSort (0ms)
			DisableScriptedObjects (0ms)
			BackupInstance (0ms)
			ReleaseScriptingObjects (0ms)
			CreateAndSetChildDomain (1ms)
		EndReloadAssembly (400ms)
			LoadAssemblies (48ms)
			RebuildTransferFunctionScriptingTraits (0ms)
			SetupTypeCache (132ms)
			ReleaseScriptCaches (0ms)
			RebuildScriptCaches (27ms)
			SetupLoadedEditorAssemblies (156ms)
				LogAssemblyErrors (0ms)
				InitializePlatformSupportModulesInManaged (4ms)
				SetLoadedEditorAssemblies (0ms)
				RefreshPlugins (53ms)
				BeforeProcessingInitializeOnLoad (7ms)
				ProcessInitializeOnLoadAttributes (68ms)
				ProcessInitializeOnLoadMethodAttributes (24ms)
				AfterProcessingInitializeOnLoad (0ms)
				EditorAssembliesLoaded (0ms)
			ExecutionOrderSort2 (0ms)
			AwakeInstancesAfterBackupRestoration (0ms)
Platform modules already initialized, skipping
Registering precompiled user dll's ...
Registered in 0.002644 seconds.
Begin MonoManager ReloadAssembly
Native extension for WindowsStandalone target not found
Native extension for WebGL target not found
Refreshing native plugins compatible for Editor in 52.62 ms, found 2 plugins.
Preloading 0 native plugins for Editor in 0.00 ms.
Mono: successfully reloaded assembly
- Completed reload, in  0.964 seconds
Domain Reload Profiling:
	ReloadAssembly (965ms)
		BeginReloadAssembly (120ms)
			ExecutionOrderSort (0ms)
			DisableScriptedObjects (5ms)
			BackupInstance (0ms)
			ReleaseScriptingObjects (0ms)
			CreateAndSetChildDomain (17ms)
		EndReloadAssembly (794ms)
			LoadAssemblies (77ms)
			RebuildTransferFunctionScriptingTraits (0ms)
			SetupTypeCache (274ms)
			ReleaseScriptCaches (1ms)
			RebuildScriptCaches (44ms)
			SetupLoadedEditorAssemblies (308ms)
				LogAssemblyErrors (0ms)
				InitializePlatformSupportModulesInManaged (4ms)
				SetLoadedEditorAssemblies (0ms)
				RefreshPlugins (53ms)
				BeforeProcessingInitializeOnLoad (68ms)
				ProcessInitializeOnLoadAttributes (169ms)
				ProcessInitializeOnLoadMethodAttributes (13ms)
				AfterProcessingInitializeOnLoad (2ms)
				EditorAssembliesLoaded (0ms)
			ExecutionOrderSort2 (0ms)
			AwakeInstancesAfterBackupRestoration (2ms)
Platform modules already initialized, skipping
========================================================================
Worker process is ready to serve import requests
Launched and connected shader compiler UnityShaderCompiler.exe after 0.04 seconds
Refreshing native plugins compatible for Editor in 0.68 ms, found 2 plugins.
Preloading 0 native plugins for Editor in 0.00 ms.
Unloading 2893 Unused Serialized files (Serialized files now loaded: 0)
System memory in use before: 132.0 MB.
System memory in use after: 132.2 MB.

Unloading 18 unused Assets to reduce memory usage. Loaded Objects now: 3342.
Total: 3.177100 ms (FindLiveObjects: 0.269500 ms CreateObjectMapping: 0.086900 ms MarkObjects: 2.721500 ms  DeleteObjects: 0.098300 ms)

AssetImportParameters requested are different than current active one (requested -> active):
  custom:framework-win-MediaFoundation: 216162199b28c13a410421893ffa2e32 -> 
  custom:video-decoder-ogg-theora: a1e56fd34408186e4bbccfd4996cb3dc -> 
  custom:container-muxer-webm: aa71ff27fc2769a1b78a27578f13a17b -> 
  custom:container-demuxer-webm: 4f35f7cbe854078d1ac9338744f61a02 -> 
  custom:container-demuxer-ogg: 62fdf1f143b41e24485cea50d1cbac27 -> 
  custom:video-encoder-webm-vp8: eb34c28f22e8b96e1ab97ce403110664 -> 
  custom:video-decoder-webm-vp8: 9c59270c3fd7afecdb556c50c9e8de78 -> 
  custom:audio-decoder-ogg-vorbis: bf7c407c2cedff20999df2af8eb42d56 -> 
  custom:audio-encoder-webm-vorbis: bf7c407c2cedff20999df2af8eb42d56 -> 
========================================================================
Received Import Request.
  path: Assets/Water Shader.shadersubgraph
  artifactKey: Guid(3eec441460aacf5498e5fc1d0a490771) Importer(815301076,1909f56bfc062723c751e8b465ee728b)
Start importing Assets/Water Shader.shadersubgraph using Guid(3eec441460aacf5498e5fc1d0a490771) Importer(815301076,1909f56bfc062723c751e8b465ee728b)  -> (artifact id: 'b78c16b256090f1a2bf3576beb138bd6') in 0.032792 seconds 
========================================================================
Received Import Request.
  Time since last request: 15.964721 seconds.
  path: Assets/Water SD.shadergraph
  artifactKey: Guid(bb42ee6fd49ae844eb698dc4b773e26f) Importer(815301076,1909f56bfc062723c751e8b465ee728b)
Start importing Assets/Water SD.shadergraph using Guid(bb42ee6fd49ae844eb698dc4b773e26f) Importer(815301076,1909f56bfc062723c751e8b465ee728b)  -> (artifact id: 'ffb4d6e738bade5ab9294492cda1c9d4') in 0.008676 seconds 
========================================================================
Received Import Request.
  Time since last request: 217.837277 seconds.
  path: Assets/Water.mat
  artifactKey: Guid(5043d57bd0d3d7145b133ba5aaa2a998) Importer(815301076,1909f56bfc062723c751e8b465ee728b)
Start importing Assets/Water.mat using Guid(5043d57bd0d3d7145b133ba5aaa2a998) Importer(815301076,1909f56bfc062723c751e8b465ee728b)  -> (artifact id: '626264ae9e50f74df5ea4bdc4835cbb8') in 0.073164 seconds 
========================================================================
Received Import Request.
  Time since last request: 25.212538 seconds.
  path: Assets/Water SD.shadergraph
  artifactKey: Guid(bb42ee6fd49ae844eb698dc4b773e26f) Importer(815301076,1909f56bfc062723c751e8b465ee728b)
Start importing Assets/Water SD.shadergraph using Guid(bb42ee6fd49ae844eb698dc4b773e26f) Importer(815301076,1909f56bfc062723c751e8b465ee728b)  -> (artifact id: '7fd894fd109e04091f6411fe62d605b5') in 0.004731 seconds 
========================================================================
Received Import Request.
  Time since last request: 75.424585 seconds.
  path: Assets/Scenes
  artifactKey: Guid(6ea315d0fd7389c41b19996891e99ae3) Importer(815301076,1909f56bfc062723c751e8b465ee728b)
Start importing Assets/Scenes using Guid(6ea315d0fd7389c41b19996891e99ae3) Importer(815301076,1909f56bfc062723c751e8b465ee728b)  -> (artifact id: '9168112a17b07f3ee034ca0d2dc1544d') in 0.002782 seconds 
========================================================================
Received Import Request.
  Time since last request: 67.536770 seconds.
  path: Assets/DepthFade.shadersubgraph
  artifactKey: Guid(8fed70ad275ebd747a8771439d345e5c) Importer(815301076,1909f56bfc062723c751e8b465ee728b)
Start importing Assets/DepthFade.shadersubgraph using Guid(8fed70ad275ebd747a8771439d345e5c) Importer(815301076,1909f56bfc062723c751e8b465ee728b)  -> (artifact id: '121770377533d216894e15bbfeaaca38') in 0.008116 seconds 
========================================================================
Received Import Request.
  Time since last request: 171.581236 seconds.
  path: Assets/DepthFade.shadersubgraph
  artifactKey: Guid(8fed70ad275ebd747a8771439d345e5c) Importer(815301076,1909f56bfc062723c751e8b465ee728b)
Start importing Assets/DepthFade.shadersubgraph using Guid(8fed70ad275ebd747a8771439d345e5c) Importer(815301076,1909f56bfc062723c751e8b465ee728b)  -> (artifact id: '7c66996a1c7e812e589bf847316e559b') in 0.003248 seconds 
========================================================================
Received Import Request.
  Time since last request: 29.325965 seconds.
  path: Assets/New Shader Graph.shadergraph
  artifactKey: Guid(33739586730a2f546b3230a4440e88ba) Importer(815301076,1909f56bfc062723c751e8b465ee728b)
Start importing Assets/New Shader Graph.shadergraph using Guid(33739586730a2f546b3230a4440e88ba) Importer(815301076,1909f56bfc062723c751e8b465ee728b)  -> (artifact id: '2787577b8ca8c0507cbbfa302bf13f8a') in 0.007384 seconds 
========================================================================
Received Import Request.
  Time since last request: 7.733045 seconds.
  path: Assets/Water SD.shadergraph
  artifactKey: Guid(33739586730a2f546b3230a4440e88ba) Importer(815301076,1909f56bfc062723c751e8b465ee728b)
Start importing Assets/Water SD.shadergraph using Guid(33739586730a2f546b3230a4440e88ba) Importer(815301076,1909f56bfc062723c751e8b465ee728b)  -> (artifact id: 'f3d9f4c731608233d75f4a8491040fae') in 0.004178 seconds 
========================================================================
Received Import Request.
  Time since last request: 86.101205 seconds.
  path: Assets/New Shader Graph.shadergraph
  artifactKey: Guid(f2c52ecc22d69054d84bc9718ce8b4fe) Importer(815301076,1909f56bfc062723c751e8b465ee728b)
Start importing Assets/New Shader Graph.shadergraph using Guid(f2c52ecc22d69054d84bc9718ce8b4fe) Importer(815301076,1909f56bfc062723c751e8b465ee728b)  -> (artifact id: '605adb36d0cb334ca8610f3aa5672c11') in 0.003604 seconds 
========================================================================
Received Import Request.
  Time since last request: 135.157613 seconds.
  path: Assets/Water.shadergraph
  artifactKey: Guid(f2c52ecc22d69054d84bc9718ce8b4fe) Importer(815301076,1909f56bfc062723c751e8b465ee728b)
Start importing Assets/Water.shadergraph using Guid(f2c52ecc22d69054d84bc9718ce8b4fe) Importer(815301076,1909f56bfc062723c751e8b465ee728b)  -> (artifact id: '66cdffdb6dc4a42ea6b1db2fa89fa61d') in 0.003783 seconds 
========================================================================
Received Import Request.
  Time since last request: 5.026425 seconds.
  path: Assets/Water.shadergraph
  artifactKey: Guid(f2c52ecc22d69054d84bc9718ce8b4fe) Importer(815301076,1909f56bfc062723c751e8b465ee728b)
Start importing Assets/Water.shadergraph using Guid(f2c52ecc22d69054d84bc9718ce8b4fe) Importer(815301076,1909f56bfc062723c751e8b465ee728b)  -> (artifact id: 'b81a4a4a2787251194c716a32ec96416') in 0.004520 seconds 
========================================================================
Received Import Request.
  Time since last request: 174.910526 seconds.
  path: Assets/Water.shadergraph
  artifactKey: Guid(f2c52ecc22d69054d84bc9718ce8b4fe) Importer(815301076,1909f56bfc062723c751e8b465ee728b)
Start importing Assets/Water.shadergraph using Guid(f2c52ecc22d69054d84bc9718ce8b4fe) Importer(815301076,1909f56bfc062723c751e8b465ee728b)  -> (artifact id: 'b5e92bf89b0f58ed03e91ef5a35825f9') in 0.004895 seconds 
========================================================================
Received Import Request.
  Time since last request: 126.897716 seconds.
  path: Assets/UniversalRenderPipelineAsset.asset
  artifactKey: Guid(4a0cc1b60936419458ce0b961fccebc5) Importer(815301076,1909f56bfc062723c751e8b465ee728b)
Start importing Assets/UniversalRenderPipelineAsset.asset using Guid(4a0cc1b60936419458ce0b961fccebc5) Importer(815301076,1909f56bfc062723c751e8b465ee728b)  -> (artifact id: '14c79c65f6bf8c9ab759a41d4f2795fd') in 0.039755 seconds 
========================================================================
Received Import Request.
  Time since last request: 0.000241 seconds.
  path: Assets/UniversalRenderPipelineAsset_Renderer.asset
  artifactKey: Guid(4d8551bdd6b42074cafabfffa7f685ec) Importer(815301076,1909f56bfc062723c751e8b465ee728b)
Start importing Assets/UniversalRenderPipelineAsset_Renderer.asset using Guid(4d8551bdd6b42074cafabfffa7f685ec) Importer(815301076,1909f56bfc062723c751e8b465ee728b)  -> (artifact id: 'e525ffca5b0fabed78925cdfc074b4a9') in 0.022787 seconds 
========================================================================
Received Prepare
Switching render pipeline 00000000000000000000000000000000 -> 4a0cc1b60936419458ce0b961fccebc5
Refreshing native plugins compatible for Editor in 2.17 ms, found 2 plugins.
Preloading 0 native plugins for Editor in 0.00 ms.
Unloading 59 Unused Serialized files (Serialized files now loaded: 0)
System memory in use before: 78.3 MB.
System memory in use after: 78.5 MB.

Unloading 11 unused Assets to reduce memory usage. Loaded Objects now: 3431.
Total: 3.668600 ms (FindLiveObjects: 0.296600 ms CreateObjectMapping: 0.104200 ms MarkObjects: 3.197100 ms  DeleteObjects: 0.069700 ms)

AssetImportParameters requested are different than current active one (requested -> active):
  custom:framework-win-MediaFoundation: 216162199b28c13a410421893ffa2e32 -> 
  custom:video-decoder-ogg-theora: a1e56fd34408186e4bbccfd4996cb3dc -> 
  custom:container-muxer-webm: aa71ff27fc2769a1b78a27578f13a17b -> 
  custom:container-demuxer-webm: 4f35f7cbe854078d1ac9338744f61a02 -> 
  custom:container-demuxer-ogg: 62fdf1f143b41e24485cea50d1cbac27 -> 
  custom:video-encoder-webm-vp8: eb34c28f22e8b96e1ab97ce403110664 -> 
  custom:video-decoder-webm-vp8: 9c59270c3fd7afecdb556c50c9e8de78 -> 
  custom:audio-decoder-ogg-vorbis: bf7c407c2cedff20999df2af8eb42d56 -> 
  custom:audio-encoder-webm-vorbis: bf7c407c2cedff20999df2af8eb42d56 -> 
========================================================================
Received Import Request.
  Time since last request: 135.906970 seconds.
  path: Assets/Stylized Environnement - Free Pack
  artifactKey: Guid(d7042e963447d234a93b58cf71960db3) Importer(815301076,1909f56bfc062723c751e8b465ee728b)
Start importing Assets/Stylized Environnement - Free Pack using Guid(d7042e963447d234a93b58cf71960db3) Importer(815301076,1909f56bfc062723c751e8b465ee728b)  -> (artifact id: '4acb2037857ce0171110a2803560a73a') in 0.003134 seconds 
========================================================================
Received Import Request.
  Time since last request: 0.096224 seconds.
  path: Assets/Stylized Environnement - Free Pack/PPP.asset
  artifactKey: Guid(07d475369b47b413fad896a658b53062) Importer(815301076,1909f56bfc062723c751e8b465ee728b)
Start importing Assets/Stylized Environnement - Free Pack/PPP.asset using Guid(07d475369b47b413fad896a658b53062) Importer(815301076,1909f56bfc062723c751e8b465ee728b)  -> (artifact id: '15437713baa5ecbb838eb08303410e96') in 0.004584 seconds 
========================================================================
Received Import Request.
  Time since last request: 0.590750 seconds.
  path: Assets/Stylized Environnement - Free Pack/Materials
  artifactKey: Guid(d55a1e38c45f34692a76e27d2817483f) Importer(815301076,1909f56bfc062723c751e8b465ee728b)
Start importing Assets/Stylized Environnement - Free Pack/Materials using Guid(d55a1e38c45f34692a76e27d2817483f) Importer(815301076,1909f56bfc062723c751e8b465ee728b)  -> (artifact id: 'b40c857cb04d4d652a826aa740bfdeda') in 0.002840 seconds 
========================================================================
Received Import Request.
  Time since last request: 1.069860 seconds.
  path: Assets/Stylized Environnement - Free Pack/Materials/Skybox.mat
  artifactKey: Guid(442fcf418098e4cc7be885f73f92d841) Importer(815301076,1909f56bfc062723c751e8b465ee728b)
Start importing Assets/Stylized Environnement - Free Pack/Materials/Skybox.mat using Guid(442fcf418098e4cc7be885f73f92d841) Importer(815301076,1909f56bfc062723c751e8b465ee728b)  -> (artifact id: 'f3a0f10c92e1fb9e6b28410036208e3a') in 0.131348 seconds 
========================================================================
Received Import Request.
  Time since last request: 68.327484 seconds.
  path: Assets/DepthFade.shadersubgraph
  artifactKey: Guid(8fed70ad275ebd747a8771439d345e5c) Importer(815301076,1909f56bfc062723c751e8b465ee728b)
Start importing Assets/DepthFade.shadersubgraph using Guid(8fed70ad275ebd747a8771439d345e5c) Importer(815301076,1909f56bfc062723c751e8b465ee728b)  -> (artifact id: '1db25717b5f45f01ab4f385997ca1698') in 0.003480 seconds 
========================================================================
Received Import Request.
  Time since last request: 0.000237 seconds.
  path: Assets/UniversalRenderPipelineAsset_Renderer.asset
  artifactKey: Guid(4d8551bdd6b42074cafabfffa7f685ec) Importer(815301076,1909f56bfc062723c751e8b465ee728b)
Start importing Assets/UniversalRenderPipelineAsset_Renderer.asset using Guid(4d8551bdd6b42074cafabfffa7f685ec) Importer(815301076,1909f56bfc062723c751e8b465ee728b)  -> (artifact id: '582a260020a33b77f8f4fa3b29da4ed6') in 0.005567 seconds 
========================================================================
Received Import Request.
  Time since last request: 0.000207 seconds.
  path: Assets/UniversalRenderPipelineAsset.asset
  artifactKey: Guid(4a0cc1b60936419458ce0b961fccebc5) Importer(815301076,1909f56bfc062723c751e8b465ee728b)
Start importing Assets/UniversalRenderPipelineAsset.asset using Guid(4a0cc1b60936419458ce0b961fccebc5) Importer(815301076,1909f56bfc062723c751e8b465ee728b)  -> (artifact id: '38d67cd18932282af70559d1b4c9777d') in 0.004624 seconds 
========================================================================
Received Import Request.
  Time since last request: 46.498183 seconds.
  path: Assets/Water.shadergraph
  artifactKey: Guid(f2c52ecc22d69054d84bc9718ce8b4fe) Importer(815301076,1909f56bfc062723c751e8b465ee728b)
Start importing Assets/Water.shadergraph using Guid(f2c52ecc22d69054d84bc9718ce8b4fe) Importer(815301076,1909f56bfc062723c751e8b465ee728b)  -> (artifact id: 'cdbff88279feb1bd5f8767c8ae6344e4') in 0.004828 seconds 
========================================================================
Received Import Request.
  Time since last request: 30.981911 seconds.
  path: Assets/Stylized Environnement - Free Pack/Textures
  artifactKey: Guid(e5e5d747b09274029b31ee9e729ec98e) Importer(815301076,1909f56bfc062723c751e8b465ee728b)
Start importing Assets/Stylized Environnement - Free Pack/Textures using Guid(e5e5d747b09274029b31ee9e729ec98e) Importer(815301076,1909f56bfc062723c751e8b465ee728b)  -> (artifact id: 'd64816e7cdece9a6cd7a549b77166f04') in 0.002972 seconds 
========================================================================
Received Import Request.
  Time since last request: 1.888963 seconds.
  path: Assets/Stylized Environnement - Free Pack/Textures/grass
  artifactKey: Guid(97685d43868bd4a4f8776c1a31e445b9) Importer(815301076,1909f56bfc062723c751e8b465ee728b)
Start importing Assets/Stylized Environnement - Free Pack/Textures/grass using Guid(97685d43868bd4a4f8776c1a31e445b9) Importer(815301076,1909f56bfc062723c751e8b465ee728b)  -> (artifact id: 'd534dc1265be1973fbe52c4ff3e113d3') in 0.003115 seconds 
========================================================================
Received Import Request.
  Time since last request: 0.054900 seconds.
  path: Assets/Stylized Environnement - Free Pack/Textures/grass/Stylized_grass.png
  artifactKey: Guid(4da56c3347ba040af96d59f4b1b4d270) Importer(815301076,1909f56bfc062723c751e8b465ee728b)
Start importing Assets/Stylized Environnement - Free Pack/Textures/grass/Stylized_grass.png using Guid(4da56c3347ba040af96d59f4b1b4d270) Importer(815301076,1909f56bfc062723c751e8b465ee728b)  -> (artifact id: '9c33449e33dc608459a1e6bdca7d52f6') in 0.055201 seconds 
========================================================================
Received Import Request.
  Time since last request: 2.014845 seconds.
  path: Assets/Stylized Environnement - Free Pack/Gfx
  artifactKey: Guid(21db712d845ee470fb6ca57dacd8690b) Importer(815301076,1909f56bfc062723c751e8b465ee728b)
Start importing Assets/Stylized Environnement - Free Pack/Gfx using Guid(21db712d845ee470fb6ca57dacd8690b) Importer(815301076,1909f56bfc062723c751e8b465ee728b)  -> (artifact id: '919ba84f4b8272819917400606795308') in 0.003200 seconds 
========================================================================
Received Import Request.
  Time since last request: 0.069533 seconds.
  path: Assets/Stylized Environnement - Free Pack/Gfx/crystal_01.fbx
  artifactKey: Guid(053f05c99fa8e47989cbde1dc1c4d0f9) Importer(815301076,1909f56bfc062723c751e8b465ee728b)
Start importing Assets/Stylized Environnement - Free Pack/Gfx/crystal_01.fbx using Guid(053f05c99fa8e47989cbde1dc1c4d0f9) Importer(815301076,1909f56bfc062723c751e8b465ee728b)  -> (artifact id: '9f7f2e491599adda706ecbc2c25b38bf') in 0.047908 seconds 
========================================================================
Received Import Request.
  Time since last request: 0.000152 seconds.
  path: Assets/Stylized Environnement - Free Pack/Gfx/rock_01.fbx
  artifactKey: Guid(86a2c9836ae8c4932b9c7c1c1a6f85fb) Importer(815301076,1909f56bfc062723c751e8b465ee728b)
Start importing Assets/Stylized Environnement - Free Pack/Gfx/rock_01.fbx using Guid(86a2c9836ae8c4932b9c7c1c1a6f85fb) Importer(815301076,1909f56bfc062723c751e8b465ee728b)  -> (artifact id: '3d30d2bc7a95adf9084fcf50c0fef851') in 0.016358 seconds 
========================================================================
Received Import Request.
  Time since last request: 0.000228 seconds.
  path: Assets/Stylized Environnement - Free Pack/Gfx/rock_02.fbx
  artifactKey: Guid(df67164ad72564ecda48ee9e3fa7070f) Importer(815301076,1909f56bfc062723c751e8b465ee728b)
Start importing Assets/Stylized Environnement - Free Pack/Gfx/rock_02.fbx using Guid(df67164ad72564ecda48ee9e3fa7070f) Importer(815301076,1909f56bfc062723c751e8b465ee728b)  -> (artifact id: '40d231cb21a998a0c4bd13f6f6cee758') in 0.018425 seconds 
========================================================================
Received Import Request.
  Time since last request: 0.000165 seconds.
  path: Assets/Stylized Environnement - Free Pack/Gfx/foliage_01.fbx
  artifactKey: Guid(a8e0524c3b55c4381acf37786e5173f3) Importer(815301076,1909f56bfc062723c751e8b465ee728b)
Start importing Assets/Stylized Environnement - Free Pack/Gfx/foliage_01.fbx using Guid(a8e0524c3b55c4381acf37786e5173f3) Importer(815301076,1909f56bfc062723c751e8b465ee728b)  -> (artifact id: '122a193dc939847655a3db03f0976c8a') in 0.019494 seconds 
========================================================================
Received Import Request.
  Time since last request: 0.000230 seconds.
  path: Assets/Stylized Environnement - Free Pack/Gfx/tree_01.fbx
  artifactKey: Guid(8a8d0bb0484944744ac3ab852ecb3433) Importer(815301076,1909f56bfc062723c751e8b465ee728b)
Start importing Assets/Stylized Environnement - Free Pack/Gfx/tree_01.fbx using Guid(8a8d0bb0484944744ac3ab852ecb3433) Importer(815301076,1909f56bfc062723c751e8b465ee728b)  -> (artifact id: 'fec3be01a9ef4bec5c5fb16bc56aeb5d') in 0.016392 seconds 
========================================================================
Received Import Request.
  Time since last request: 4.312250 seconds.
  path: Assets/Stylized Environnement - Free Pack/Textures/terrain_grass
  artifactKey: Guid(f3af906b8aff740f78e52bd66520cf45) Importer(815301076,1909f56bfc062723c751e8b465ee728b)
Start importing Assets/Stylized Environnement - Free Pack/Textures/terrain_grass using Guid(f3af906b8aff740f78e52bd66520cf45) Importer(815301076,1909f56bfc062723c751e8b465ee728b)  -> (artifact id: 'ff89af73cc14d0e6fd2209f94e414cc2') in 0.009630 seconds 
========================================================================
Received Import Request.
  Time since last request: 0.254371 seconds.
  path: Assets/Stylized Environnement - Free Pack/Textures/terrain_grass/stylized_lawn_grass_basecolor.png
  artifactKey: Guid(d805bac3b95c24aa8b598f23375956e0) Importer(815301076,1909f56bfc062723c751e8b465ee728b)
Start importing Assets/Stylized Environnement - Free Pack/Textures/terrain_grass/stylized_lawn_grass_basecolor.png using Guid(d805bac3b95c24aa8b598f23375956e0) Importer(815301076,1909f56bfc062723c751e8b465ee728b)  -> (artifact id: 'a1cc5b524fb062d77dabf86101a354a2') in 0.012822 seconds 
========================================================================
Received Import Request.
  Time since last request: 0.000187 seconds.
  path: Assets/Stylized Environnement - Free Pack/Textures/terrain_grass/stylized_lawn_grass_normal.png
  artifactKey: Guid(f5a1e45f434e442f9960bf665870cb32) Importer(815301076,1909f56bfc062723c751e8b465ee728b)
Start importing Assets/Stylized Environnement - Free Pack/Textures/terrain_grass/stylized_lawn_grass_normal.png using Guid(f5a1e45f434e442f9960bf665870cb32) Importer(815301076,1909f56bfc062723c751e8b465ee728b)  -> (artifact id: 'e682cad6368cac54f1093d381d6de05a') in 0.017034 seconds 
========================================================================
Received Import Request.
  Time since last request: 0.000176 seconds.
  path: Assets/Stylized Environnement - Free Pack/Textures/terrain_grass/stylized_lawn_grass_metallic.png
  artifactKey: Guid(ac68770e7aa8141f6b9d9ca9f4d4cb00) Importer(815301076,1909f56bfc062723c751e8b465ee728b)
Start importing Assets/Stylized Environnement - Free Pack/Textures/terrain_grass/stylized_lawn_grass_metallic.png using Guid(ac68770e7aa8141f6b9d9ca9f4d4cb00) Importer(815301076,1909f56bfc062723c751e8b465ee728b)  -> (artifact id: '0d8afea2d9bf5ffe20d5425cd7087399') in 0.082265 seconds 
========================================================================
Received Import Request.
  Time since last request: 129.157066 seconds.
  path: Assets/Movement.shadersubgraph
  artifactKey: Guid(15578a24ab9dea84a8d56f4d3916d45d) Importer(815301076,1909f56bfc062723c751e8b465ee728b)
Start importing Assets/Movement.shadersubgraph using Guid(15578a24ab9dea84a8d56f4d3916d45d) Importer(815301076,1909f56bfc062723c751e8b465ee728b)  -> (artifact id: '41c69684b9b02d934b4a22679283d87d') in 0.008215 seconds 
========================================================================
Received Import Request.
  Time since last request: 141.091806 seconds.
  path: Assets/Movement.shadersubgraph
  artifactKey: Guid(15578a24ab9dea84a8d56f4d3916d45d) Importer(815301076,1909f56bfc062723c751e8b465ee728b)
Start importing Assets/Movement.shadersubgraph using Guid(15578a24ab9dea84a8d56f4d3916d45d) Importer(815301076,1909f56bfc062723c751e8b465ee728b)  -> (artifact id: 'a4102eab6f9ab74f8e8207e5ea6e8400') in 0.003806 seconds 
========================================================================
Received Import Request.
  Time since last request: 595.890617 seconds.
  path: Assets/Water.shadergraph
  artifactKey: Guid(f2c52ecc22d69054d84bc9718ce8b4fe) Importer(815301076,1909f56bfc062723c751e8b465ee728b)
Start importing Assets/Water.shadergraph using Guid(f2c52ecc22d69054d84bc9718ce8b4fe) Importer(815301076,1909f56bfc062723c751e8b465ee728b)  -> (artifact id: '4329084c678373911808f969e6f19a26') in 0.004636 seconds 
========================================================================
Received Prepare
Registering precompiled user dll's ...
Registered in 0.003012 seconds.
Begin MonoManager ReloadAssembly
Native extension for WindowsStandalone target not found
Native extension for WebGL target not found
Refreshing native plugins compatible for Editor in 0.65 ms, found 2 plugins.
Preloading 0 native plugins for Editor in 0.00 ms.
Mono: successfully reloaded assembly
- Completed reload, in  1.047 seconds
Domain Reload Profiling:
	ReloadAssembly (1047ms)
		BeginReloadAssembly (140ms)
			ExecutionOrderSort (0ms)
			DisableScriptedObjects (6ms)
			BackupInstance (0ms)
			ReleaseScriptingObjects (0ms)
			CreateAndSetChildDomain (51ms)
		EndReloadAssembly (853ms)
			LoadAssemblies (89ms)
			RebuildTransferFunctionScriptingTraits (0ms)
			SetupTypeCache (306ms)
			ReleaseScriptCaches (2ms)
			RebuildScriptCaches (43ms)
			SetupLoadedEditorAssemblies (291ms)
				LogAssemblyErrors (0ms)
				InitializePlatformSupportModulesInManaged (4ms)
				SetLoadedEditorAssemblies (0ms)
				RefreshPlugins (1ms)
				BeforeProcessingInitializeOnLoad (65ms)
				ProcessInitializeOnLoadAttributes (205ms)
				ProcessInitializeOnLoadMethodAttributes (13ms)
				AfterProcessingInitializeOnLoad (2ms)
				EditorAssembliesLoaded (0ms)
			ExecutionOrderSort2 (0ms)
			AwakeInstancesAfterBackupRestoration (12ms)
Platform modules already initialized, skipping
Switching render pipeline 00000000000000000000000000000000 -> 4a0cc1b60936419458ce0b961fccebc5
Refreshing native plugins compatible for Editor in 0.61 ms, found 2 plugins.
Preloading 0 native plugins for Editor in 0.00 ms.
Unloading 2835 Unused Serialized files (Serialized files now loaded: 0)
System memory in use before: 135.2 MB.
System memory in use after: 135.4 MB.

Unloading 14 unused Assets to reduce memory usage. Loaded Objects now: 3481.
Total: 4.210500 ms (FindLiveObjects: 0.309600 ms CreateObjectMapping: 0.085500 ms MarkObjects: 3.720300 ms  DeleteObjects: 0.093800 ms)

AssetImportParameters requested are different than current active one (requested -> active):
  custom:framework-win-MediaFoundation: 216162199b28c13a410421893ffa2e32 -> 
  custom:video-decoder-ogg-theora: a1e56fd34408186e4bbccfd4996cb3dc -> 
  custom:container-muxer-webm: aa71ff27fc2769a1b78a27578f13a17b -> 
  custom:container-demuxer-webm: 4f35f7cbe854078d1ac9338744f61a02 -> 
  custom:container-demuxer-ogg: 62fdf1f143b41e24485cea50d1cbac27 -> 
  custom:video-encoder-webm-vp8: eb34c28f22e8b96e1ab97ce403110664 -> 
  custom:video-decoder-webm-vp8: 9c59270c3fd7afecdb556c50c9e8de78 -> 
  custom:audio-decoder-ogg-vorbis: bf7c407c2cedff20999df2af8eb42d56 -> 
  custom:audio-encoder-webm-vorbis: bf7c407c2cedff20999df2af8eb42d56 -> 
========================================================================
Received Import Request.
  Time since last request: 773.058315 seconds.
  path: Assets/Water.shadergraph
  artifactKey: Guid(f2c52ecc22d69054d84bc9718ce8b4fe) Importer(815301076,1909f56bfc062723c751e8b465ee728b)
Start importing Assets/Water.shadergraph using Guid(f2c52ecc22d69054d84bc9718ce8b4fe) Importer(815301076,1909f56bfc062723c751e8b465ee728b)  -> (artifact id: 'ad904da4424ed4147e8dfa7d3f798382') in 0.020909 seconds 
========================================================================
Received Prepare
Registering precompiled user dll's ...
Registered in 0.003397 seconds.
Begin MonoManager ReloadAssembly
Native extension for WindowsStandalone target not found
Native extension for WebGL target not found
Refreshing native plugins compatible for Editor in 0.68 ms, found 2 plugins.
Preloading 0 native plugins for Editor in 0.00 ms.
Mono: successfully reloaded assembly
- Completed reload, in  0.982 seconds
Domain Reload Profiling:
	ReloadAssembly (983ms)
		BeginReloadAssembly (106ms)
			ExecutionOrderSort (0ms)
			DisableScriptedObjects (4ms)
			BackupInstance (0ms)
			ReleaseScriptingObjects (0ms)
			CreateAndSetChildDomain (37ms)
		EndReloadAssembly (823ms)
			LoadAssemblies (84ms)
			RebuildTransferFunctionScriptingTraits (0ms)
			SetupTypeCache (299ms)
			ReleaseScriptCaches (1ms)
			RebuildScriptCaches (42ms)
			SetupLoadedEditorAssemblies (279ms)
				LogAssemblyErrors (0ms)
				InitializePlatformSupportModulesInManaged (5ms)
				SetLoadedEditorAssemblies (0ms)
				RefreshPlugins (1ms)
				BeforeProcessingInitializeOnLoad (59ms)
				ProcessInitializeOnLoadAttributes (199ms)
				ProcessInitializeOnLoadMethodAttributes (12ms)
				AfterProcessingInitializeOnLoad (2ms)
				EditorAssembliesLoaded (0ms)
			ExecutionOrderSort2 (0ms)
			AwakeInstancesAfterBackupRestoration (13ms)
Platform modules already initialized, skipping
Switching render pipeline 00000000000000000000000000000000 -> 4a0cc1b60936419458ce0b961fccebc5
Refreshing native plugins compatible for Editor in 0.60 ms, found 2 plugins.
Preloading 0 native plugins for Editor in 0.00 ms.
Unloading 2833 Unused Serialized files (Serialized files now loaded: 0)
System memory in use before: 135.2 MB.
System memory in use after: 135.4 MB.

Unloading 13 unused Assets to reduce memory usage. Loaded Objects now: 3484.
Total: 4.022000 ms (FindLiveObjects: 0.398500 ms CreateObjectMapping: 0.171800 ms MarkObjects: 3.369100 ms  DeleteObjects: 0.081300 ms)

AssetImportParameters requested are different than current active one (requested -> active):
  custom:framework-win-MediaFoundation: 216162199b28c13a410421893ffa2e32 -> 
  custom:video-decoder-ogg-theora: a1e56fd34408186e4bbccfd4996cb3dc -> 
  custom:container-muxer-webm: aa71ff27fc2769a1b78a27578f13a17b -> 
  custom:container-demuxer-webm: 4f35f7cbe854078d1ac9338744f61a02 -> 
  custom:container-demuxer-ogg: 62fdf1f143b41e24485cea50d1cbac27 -> 
  custom:video-encoder-webm-vp8: eb34c28f22e8b96e1ab97ce403110664 -> 
  custom:video-decoder-webm-vp8: 9c59270c3fd7afecdb556c50c9e8de78 -> 
  custom:audio-decoder-ogg-vorbis: bf7c407c2cedff20999df2af8eb42d56 -> 
  custom:audio-encoder-webm-vorbis: bf7c407c2cedff20999df2af8eb42d56 -> 
========================================================================
Received Import Request.
  Time since last request: 334.782078 seconds.
  path: Assets/Ch31_nonPBR@Sitting Laughing.fbx
  artifactKey: Guid(16eba8d6687332e488546b633df8c567) Importer(815301076,1909f56bfc062723c751e8b465ee728b)
Start importing Assets/Ch31_nonPBR@Sitting Laughing.fbx using Guid(16eba8d6687332e488546b633df8c567) Importer(815301076,1909f56bfc062723c751e8b465ee728b)  -> (artifact id: 'c43de3c60de80ba01f172f8d192c1855') in 0.725381 seconds 
========================================================================
Received Prepare
Registering precompiled user dll's ...
Registered in 0.002684 seconds.
Begin MonoManager ReloadAssembly
Native extension for WindowsStandalone target not found
Native extension for WebGL target not found
Refreshing native plugins compatible for Editor in 0.58 ms, found 2 plugins.
Preloading 0 native plugins for Editor in 0.00 ms.
Mono: successfully reloaded assembly
- Completed reload, in  0.897 seconds
Domain Reload Profiling:
	ReloadAssembly (898ms)
		BeginReloadAssembly (105ms)
			ExecutionOrderSort (0ms)
			DisableScriptedObjects (6ms)
			BackupInstance (0ms)
			ReleaseScriptingObjects (0ms)
			CreateAndSetChildDomain (38ms)
		EndReloadAssembly (741ms)
			LoadAssemblies (78ms)
			RebuildTransferFunctionScriptingTraits (0ms)
			SetupTypeCache (264ms)
			ReleaseScriptCaches (1ms)
			RebuildScriptCaches (38ms)
			SetupLoadedEditorAssemblies (257ms)
				LogAssemblyErrors (0ms)
				InitializePlatformSupportModulesInManaged (4ms)
				SetLoadedEditorAssemblies (0ms)
				RefreshPlugins (1ms)
				BeforeProcessingInitializeOnLoad (53ms)
				ProcessInitializeOnLoadAttributes (184ms)
				ProcessInitializeOnLoadMethodAttributes (12ms)
				AfterProcessingInitializeOnLoad (2ms)
				EditorAssembliesLoaded (0ms)
			ExecutionOrderSort2 (0ms)
			AwakeInstancesAfterBackupRestoration (12ms)
Platform modules already initialized, skipping
Switching render pipeline 00000000000000000000000000000000 -> 4a0cc1b60936419458ce0b961fccebc5
Refreshing native plugins compatible for Editor in 0.59 ms, found 2 plugins.
Preloading 0 native plugins for Editor in 0.00 ms.
Unloading 2833 Unused Serialized files (Serialized files now loaded: 0)
System memory in use before: 148.9 MB.
System memory in use after: 149.1 MB.

Unloading 13 unused Assets to reduce memory usage. Loaded Objects now: 3524.
Total: 3.263400 ms (FindLiveObjects: 0.280900 ms CreateObjectMapping: 0.087500 ms MarkObjects: 2.818300 ms  DeleteObjects: 0.075800 ms)

AssetImportParameters requested are different than current active one (requested -> active):
  custom:framework-win-MediaFoundation: 216162199b28c13a410421893ffa2e32 -> 
  custom:video-decoder-ogg-theora: a1e56fd34408186e4bbccfd4996cb3dc -> 
  custom:container-muxer-webm: aa71ff27fc2769a1b78a27578f13a17b -> 
  custom:container-demuxer-webm: 4f35f7cbe854078d1ac9338744f61a02 -> 
  custom:container-demuxer-ogg: 62fdf1f143b41e24485cea50d1cbac27 -> 
  custom:video-encoder-webm-vp8: eb34c28f22e8b96e1ab97ce403110664 -> 
  custom:video-decoder-webm-vp8: 9c59270c3fd7afecdb556c50c9e8de78 -> 
  custom:audio-decoder-ogg-vorbis: bf7c407c2cedff20999df2af8eb42d56 -> 
  custom:audio-encoder-webm-vorbis: bf7c407c2cedff20999df2af8eb42d56 -> 
========================================================================
Received Import Request.
  Time since last request: 238.681559 seconds.
  path: Assets/Cha
  artifactKey: Guid(5b054fe4f26227240805a5b3547f5349) Importer(815301076,1909f56bfc062723c751e8b465ee728b)
Start importing Assets/Cha using Guid(5b054fe4f26227240805a5b3547f5349) Importer(815301076,1909f56bfc062723c751e8b465ee728b)  -> (artifact id: '34ed3fa1d095aba7a9d156a1d1864b19') in 0.012816 seconds 
========================================================================
Received Import Request.
  Time since last request: 7.087969 seconds.
  path: Assets/Cha/Remy@Sitting Laughing.fbx
  artifactKey: Guid(e0af90fdab5d45d449e1da0441155eee) Importer(815301076,1909f56bfc062723c751e8b465ee728b)
Start importing Assets/Cha/Remy@Sitting Laughing.fbx using Guid(e0af90fdab5d45d449e1da0441155eee) Importer(815301076,1909f56bfc062723c751e8b465ee728b)  -> (artifact id: 'e013574db90354807bfa66283373710d') in 0.286044 seconds 
========================================================================
Received Import Request.
  Time since last request: 7.795766 seconds.
  path: Assets/Cha/Remy@Sitting Laughing.fbx
  artifactKey: Guid(e0af90fdab5d45d449e1da0441155eee) Importer(815301076,1909f56bfc062723c751e8b465ee728b)
Start importing Assets/Cha/Remy@Sitting Laughing.fbx using Guid(e0af90fdab5d45d449e1da0441155eee) Importer(815301076,1909f56bfc062723c751e8b465ee728b)  -> (artifact id: '2a6ac57cc473310e5ff705fab59be2c3') in 0.112153 seconds 
========================================================================
Received Prepare
Registering precompiled user dll's ...
Registered in 0.003424 seconds.
Begin MonoManager ReloadAssembly
Native extension for WindowsStandalone target not found
Native extension for WebGL target not found
Refreshing native plugins compatible for Editor in 0.59 ms, found 2 plugins.
Preloading 0 native plugins for Editor in 0.00 ms.
Mono: successfully reloaded assembly
- Completed reload, in  0.959 seconds
Domain Reload Profiling:
	ReloadAssembly (959ms)
		BeginReloadAssembly (129ms)
			ExecutionOrderSort (0ms)
			DisableScriptedObjects (7ms)
			BackupInstance (0ms)
			ReleaseScriptingObjects (0ms)
			CreateAndSetChildDomain (45ms)
		EndReloadAssembly (774ms)
			LoadAssemblies (92ms)
			RebuildTransferFunctionScriptingTraits (0ms)
			SetupTypeCache (277ms)
			ReleaseScriptCaches (1ms)
			RebuildScriptCaches (43ms)
			SetupLoadedEditorAssemblies (257ms)
				LogAssemblyErrors (0ms)
				InitializePlatformSupportModulesInManaged (4ms)
				SetLoadedEditorAssemblies (0ms)
				RefreshPlugins (1ms)
				BeforeProcessingInitializeOnLoad (57ms)
				ProcessInitializeOnLoadAttributes (180ms)
				ProcessInitializeOnLoadMethodAttributes (12ms)
				AfterProcessingInitializeOnLoad (2ms)
				EditorAssembliesLoaded (0ms)
			ExecutionOrderSort2 (0ms)
			AwakeInstancesAfterBackupRestoration (11ms)
Platform modules already initialized, skipping
Switching render pipeline 00000000000000000000000000000000 -> 4a0cc1b60936419458ce0b961fccebc5
Refreshing native plugins compatible for Editor in 0.70 ms, found 2 plugins.
Preloading 0 native plugins for Editor in 0.00 ms.
Unloading 2833 Unused Serialized files (Serialized files now loaded: 0)
System memory in use before: 149.1 MB.
System memory in use after: 149.3 MB.

Unloading 13 unused Assets to reduce memory usage. Loaded Objects now: 3563.
Total: 3.500300 ms (FindLiveObjects: 0.314700 ms CreateObjectMapping: 0.084900 ms MarkObjects: 3.005200 ms  DeleteObjects: 0.094400 ms)

AssetImportParameters requested are different than current active one (requested -> active):
  custom:framework-win-MediaFoundation: 216162199b28c13a410421893ffa2e32 -> 
  custom:video-decoder-ogg-theora: a1e56fd34408186e4bbccfd4996cb3dc -> 
  custom:container-muxer-webm: aa71ff27fc2769a1b78a27578f13a17b -> 
  custom:container-demuxer-webm: 4f35f7cbe854078d1ac9338744f61a02 -> 
  custom:container-demuxer-ogg: 62fdf1f143b41e24485cea50d1cbac27 -> 
  custom:video-encoder-webm-vp8: eb34c28f22e8b96e1ab97ce403110664 -> 
  custom:video-decoder-webm-vp8: 9c59270c3fd7afecdb556c50c9e8de78 -> 
  custom:audio-decoder-ogg-vorbis: bf7c407c2cedff20999df2af8eb42d56 -> 
  custom:audio-encoder-webm-vorbis: bf7c407c2cedff20999df2af8eb42d56 -> 
========================================================================
Received Prepare
Registering precompiled user dll's ...
Registered in 0.002909 seconds.
Begin MonoManager ReloadAssembly
Native extension for WindowsStandalone target not found
Native extension for WebGL target not found
Refreshing native plugins compatible for Editor in 0.65 ms, found 2 plugins.
Preloading 0 native plugins for Editor in 0.00 ms.
Mono: successfully reloaded assembly
- Completed reload, in  0.976 seconds
Domain Reload Profiling:
	ReloadAssembly (976ms)
		BeginReloadAssembly (94ms)
			ExecutionOrderSort (0ms)
			DisableScriptedObjects (4ms)
			BackupInstance (0ms)
			ReleaseScriptingObjects (0ms)
			CreateAndSetChildDomain (30ms)
		EndReloadAssembly (831ms)
			LoadAssemblies (83ms)
			RebuildTransferFunctionScriptingTraits (0ms)
			SetupTypeCache (286ms)
			ReleaseScriptCaches (2ms)
			RebuildScriptCaches (47ms)
			SetupLoadedEditorAssemblies (284ms)
				LogAssemblyErrors (0ms)
				InitializePlatformSupportModulesInManaged (6ms)
				SetLoadedEditorAssemblies (1ms)
				RefreshPlugins (1ms)
				BeforeProcessingInitializeOnLoad (61ms)
				ProcessInitializeOnLoadAttributes (199ms)
				ProcessInitializeOnLoadMethodAttributes (13ms)
				AfterProcessingInitializeOnLoad (2ms)
				EditorAssembliesLoaded (0ms)
			ExecutionOrderSort2 (0ms)
			AwakeInstancesAfterBackupRestoration (13ms)
Platform modules already initialized, skipping
Switching render pipeline 00000000000000000000000000000000 -> 4a0cc1b60936419458ce0b961fccebc5
Refreshing native plugins compatible for Editor in 0.63 ms, found 2 plugins.
Preloading 0 native plugins for Editor in 0.00 ms.
Unloading 2833 Unused Serialized files (Serialized files now loaded: 0)
System memory in use before: 149.1 MB.
System memory in use after: 149.3 MB.

Unloading 13 unused Assets to reduce memory usage. Loaded Objects now: 3566.
Total: 4.235100 ms (FindLiveObjects: 0.483300 ms CreateObjectMapping: 0.108700 ms MarkObjects: 3.544000 ms  DeleteObjects: 0.097700 ms)

AssetImportParameters requested are different than current active one (requested -> active):
  custom:framework-win-MediaFoundation: 216162199b28c13a410421893ffa2e32 -> 
  custom:video-decoder-ogg-theora: a1e56fd34408186e4bbccfd4996cb3dc -> 
  custom:container-muxer-webm: aa71ff27fc2769a1b78a27578f13a17b -> 
  custom:container-demuxer-webm: 4f35f7cbe854078d1ac9338744f61a02 -> 
  custom:container-demuxer-ogg: 62fdf1f143b41e24485cea50d1cbac27 -> 
  custom:video-encoder-webm-vp8: eb34c28f22e8b96e1ab97ce403110664 -> 
  custom:video-decoder-webm-vp8: 9c59270c3fd7afecdb556c50c9e8de78 -> 
  custom:audio-decoder-ogg-vorbis: bf7c407c2cedff20999df2af8eb42d56 -> 
  custom:audio-encoder-webm-vorbis: bf7c407c2cedff20999df2af8eb42d56 -> 
========================================================================
Received Import Request.
  Time since last request: 253.658394 seconds.
  path: Assets/Cha/Remy@Sitting Laughing.fbx
  artifactKey: Guid(e0af90fdab5d45d449e1da0441155eee) Importer(815301076,1909f56bfc062723c751e8b465ee728b)
Start importing Assets/Cha/Remy@Sitting Laughing.fbx using Guid(e0af90fdab5d45d449e1da0441155eee) Importer(815301076,1909f56bfc062723c751e8b465ee728b)  -> (artifact id: '46a8b6af15cb93d26d5e7f1c57ae6e9f') in 0.281486 seconds 
========================================================================
Received Prepare
Registering precompiled user dll's ...
Registered in 0.002722 seconds.
Begin MonoManager ReloadAssembly
Native extension for WindowsStandalone target not found
Native extension for WebGL target not found
Refreshing native plugins compatible for Editor in 0.57 ms, found 2 plugins.
Preloading 0 native plugins for Editor in 0.00 ms.
Mono: successfully reloaded assembly
- Completed reload, in  0.898 seconds
Domain Reload Profiling:
	ReloadAssembly (898ms)
		BeginReloadAssembly (96ms)
			ExecutionOrderSort (0ms)
			DisableScriptedObjects (6ms)
			BackupInstance (0ms)
			ReleaseScriptingObjects (0ms)
			CreateAndSetChildDomain (32ms)
		EndReloadAssembly (752ms)
			LoadAssemblies (78ms)
			RebuildTransferFunctionScriptingTraits (0ms)
			SetupTypeCache (276ms)
			ReleaseScriptCaches (1ms)
			RebuildScriptCaches (40ms)
			SetupLoadedEditorAssemblies (247ms)
				LogAssemblyErrors (0ms)
				InitializePlatformSupportModulesInManaged (4ms)
				SetLoadedEditorAssemblies (0ms)
				RefreshPlugins (1ms)
				BeforeProcessingInitializeOnLoad (54ms)
				ProcessInitializeOnLoadAttributes (176ms)
				ProcessInitializeOnLoadMethodAttributes (11ms)
				AfterProcessingInitializeOnLoad (2ms)
				EditorAssembliesLoaded (0ms)
			ExecutionOrderSort2 (0ms)
			AwakeInstancesAfterBackupRestoration (11ms)
Platform modules already initialized, skipping
Switching render pipeline 00000000000000000000000000000000 -> 4a0cc1b60936419458ce0b961fccebc5
Refreshing native plugins compatible for Editor in 0.59 ms, found 2 plugins.
Preloading 0 native plugins for Editor in 0.00 ms.
Unloading 2833 Unused Serialized files (Serialized files now loaded: 0)
System memory in use before: 149.3 MB.
System memory in use after: 149.5 MB.

Unloading 13 unused Assets to reduce memory usage. Loaded Objects now: 3605.
Total: 3.300800 ms (FindLiveObjects: 0.283200 ms CreateObjectMapping: 0.086700 ms MarkObjects: 2.852600 ms  DeleteObjects: 0.077400 ms)

AssetImportParameters requested are different than current active one (requested -> active):
  custom:framework-win-MediaFoundation: 216162199b28c13a410421893ffa2e32 -> 
  custom:video-decoder-ogg-theora: a1e56fd34408186e4bbccfd4996cb3dc -> 
  custom:container-muxer-webm: aa71ff27fc2769a1b78a27578f13a17b -> 
  custom:container-demuxer-webm: 4f35f7cbe854078d1ac9338744f61a02 -> 
  custom:container-demuxer-ogg: 62fdf1f143b41e24485cea50d1cbac27 -> 
  custom:video-encoder-webm-vp8: eb34c28f22e8b96e1ab97ce403110664 -> 
  custom:video-decoder-webm-vp8: 9c59270c3fd7afecdb556c50c9e8de78 -> 
  custom:audio-decoder-ogg-vorbis: bf7c407c2cedff20999df2af8eb42d56 -> 
  custom:audio-encoder-webm-vorbis: bf7c407c2cedff20999df2af8eb42d56 -> 
========================================================================
Received Import Request.
  Time since last request: 112.565262 seconds.
  path: Assets/Remy@Sitting Laughing.fbx
  artifactKey: Guid(4ce8f32b362cd754b90c551651b7a845) Importer(815301076,1909f56bfc062723c751e8b465ee728b)
Start importing Assets/Remy@Sitting Laughing.fbx using Guid(4ce8f32b362cd754b90c551651b7a845) Importer(815301076,1909f56bfc062723c751e8b465ee728b)  -> (artifact id: 'fc4d6212be3eeca48a07f02037dbb151') in 0.260414 seconds 
========================================================================
Received Prepare
Registering precompiled user dll's ...
Registered in 0.002892 seconds.
Begin MonoManager ReloadAssembly
Native extension for WindowsStandalone target not found
Native extension for WebGL target not found
Refreshing native plugins compatible for Editor in 0.60 ms, found 2 plugins.
Preloading 0 native plugins for Editor in 0.00 ms.
Mono: successfully reloaded assembly
- Completed reload, in  1.449 seconds
Domain Reload Profiling:
	ReloadAssembly (1450ms)
		BeginReloadAssembly (97ms)
			ExecutionOrderSort (0ms)
			DisableScriptedObjects (6ms)
			BackupInstance (0ms)
			ReleaseScriptingObjects (0ms)
			CreateAndSetChildDomain (32ms)
		EndReloadAssembly (1304ms)
			LoadAssemblies (76ms)
			RebuildTransferFunctionScriptingTraits (0ms)
			SetupTypeCache (265ms)
			ReleaseScriptCaches (1ms)
			RebuildScriptCaches (37ms)
			SetupLoadedEditorAssemblies (816ms)
				LogAssemblyErrors (0ms)
				InitializePlatformSupportModulesInManaged (4ms)
				SetLoadedEditorAssemblies (0ms)
				RefreshPlugins (1ms)
				BeforeProcessingInitializeOnLoad (54ms)
				ProcessInitializeOnLoadAttributes (745ms)
				ProcessInitializeOnLoadMethodAttributes (10ms)
				AfterProcessingInitializeOnLoad (2ms)
				EditorAssembliesLoaded (0ms)
			ExecutionOrderSort2 (0ms)
			AwakeInstancesAfterBackupRestoration (11ms)
Platform modules already initialized, skipping
Switching render pipeline 00000000000000000000000000000000 -> 4a0cc1b60936419458ce0b961fccebc5
Refreshing native plugins compatible for Editor in 0.60 ms, found 2 plugins.
Preloading 0 native plugins for Editor in 0.00 ms.
Unloading 3055 Unused Serialized files (Serialized files now loaded: 0)
System memory in use before: 156.9 MB.
System memory in use after: 157.1 MB.

Unloading 16 unused Assets to reduce memory usage. Loaded Objects now: 3863.
Total: 3.608800 ms (FindLiveObjects: 0.309200 ms CreateObjectMapping: 0.093800 ms MarkObjects: 3.097400 ms  DeleteObjects: 0.107300 ms)

AssetImportParameters requested are different than current active one (requested -> active):
  custom:framework-win-MediaFoundation: 216162199b28c13a410421893ffa2e32 -> 
  custom:video-decoder-ogg-theora: a1e56fd34408186e4bbccfd4996cb3dc -> 
  custom:container-muxer-webm: aa71ff27fc2769a1b78a27578f13a17b -> 
  custom:container-demuxer-webm: 4f35f7cbe854078d1ac9338744f61a02 -> 
  custom:container-demuxer-ogg: 62fdf1f143b41e24485cea50d1cbac27 -> 
  custom:video-encoder-webm-vp8: eb34c28f22e8b96e1ab97ce403110664 -> 
  custom:video-decoder-webm-vp8: 9c59270c3fd7afecdb556c50c9e8de78 -> 
  custom:audio-decoder-ogg-vorbis: bf7c407c2cedff20999df2af8eb42d56 -> 
  custom:audio-encoder-webm-vorbis: bf7c407c2cedff20999df2af8eb42d56 -> 
========================================================================
Received Import Request.
  Time since last request: 287.211194 seconds.
  path: Assets/Cha/Remy@Sitting Clap.fbx
  artifactKey: Guid(404c503f1ffb7784a9ad586f71926f31) Importer(815301076,1909f56bfc062723c751e8b465ee728b)
Start importing Assets/Cha/Remy@Sitting Clap.fbx using Guid(404c503f1ffb7784a9ad586f71926f31) Importer(815301076,1909f56bfc062723c751e8b465ee728b)  -> (artifact id: 'c7bb9473d3b79c58b8388c3026bcdc8e') in 0.274045 seconds 
========================================================================
Received Import Request.
  Time since last request: 0.000367 seconds.
  path: Assets/Cha/Remy@Sitting Laughing 1.fbx
  artifactKey: Guid(03ecfaec59d502b4793df4c58afa36d3) Importer(815301076,1909f56bfc062723c751e8b465ee728b)
Start importing Assets/Cha/Remy@Sitting Laughing 1.fbx using Guid(03ecfaec59d502b4793df4c58afa36d3) Importer(815301076,1909f56bfc062723c751e8b465ee728b)  -> (artifact id: '78e769bcc43c3b399bbced9c05a6425c') in 0.104063 seconds 
========================================================================
Received Import Request.
  Time since last request: 37.118200 seconds.
  path: Assets/Cha/Remy@Sitting Clap.fbx
  artifactKey: Guid(404c503f1ffb7784a9ad586f71926f31) Importer(815301076,1909f56bfc062723c751e8b465ee728b)
Start importing Assets/Cha/Remy@Sitting Clap.fbx using Guid(404c503f1ffb7784a9ad586f71926f31) Importer(815301076,1909f56bfc062723c751e8b465ee728b)  -> (artifact id: '31e9446bf17b4b8549cd7e2746c96cea') in 0.162711 seconds 
========================================================================
Received Prepare
Registering precompiled user dll's ...
Registered in 0.002859 seconds.
Begin MonoManager ReloadAssembly
Native extension for WindowsStandalone target not found
Native extension for WebGL target not found
Refreshing native plugins compatible for Editor in 0.60 ms, found 2 plugins.
Preloading 0 native plugins for Editor in 0.00 ms.
Mono: successfully reloaded assembly
- Completed reload, in  0.974 seconds
Domain Reload Profiling:
	ReloadAssembly (974ms)
		BeginReloadAssembly (99ms)
			ExecutionOrderSort (0ms)
			DisableScriptedObjects (5ms)
			BackupInstance (0ms)
			ReleaseScriptingObjects (0ms)
			CreateAndSetChildDomain (35ms)
		EndReloadAssembly (829ms)
			LoadAssemblies (77ms)
			RebuildTransferFunctionScriptingTraits (0ms)
			SetupTypeCache (265ms)
			ReleaseScriptCaches (1ms)
			RebuildScriptCaches (38ms)
			SetupLoadedEditorAssemblies (341ms)
				LogAssemblyErrors (0ms)
				InitializePlatformSupportModulesInManaged (4ms)
				SetLoadedEditorAssemblies (0ms)
				RefreshPlugins (1ms)
				BeforeProcessingInitializeOnLoad (55ms)
				ProcessInitializeOnLoadAttributes (269ms)
				ProcessInitializeOnLoadMethodAttributes (10ms)
				AfterProcessingInitializeOnLoad (2ms)
				EditorAssembliesLoaded (0ms)
			ExecutionOrderSort2 (0ms)
			AwakeInstancesAfterBackupRestoration (11ms)
Platform modules already initialized, skipping
Switching render pipeline 00000000000000000000000000000000 -> 4a0cc1b60936419458ce0b961fccebc5
Refreshing native plugins compatible for Editor in 0.59 ms, found 2 plugins.
Preloading 0 native plugins for Editor in 0.00 ms.
Unloading 3055 Unused Serialized files (Serialized files now loaded: 0)
System memory in use before: 157.2 MB.
System memory in use after: 157.4 MB.

Unloading 16 unused Assets to reduce memory usage. Loaded Objects now: 3902.
Total: 6.156300 ms (FindLiveObjects: 0.359000 ms CreateObjectMapping: 0.114000 ms MarkObjects: 5.281200 ms  DeleteObjects: 0.400900 ms)

AssetImportParameters requested are different than current active one (requested -> active):
  custom:framework-win-MediaFoundation: 216162199b28c13a410421893ffa2e32 -> 
  custom:video-decoder-ogg-theora: a1e56fd34408186e4bbccfd4996cb3dc -> 
  custom:container-muxer-webm: aa71ff27fc2769a1b78a27578f13a17b -> 
  custom:container-demuxer-webm: 4f35f7cbe854078d1ac9338744f61a02 -> 
  custom:container-demuxer-ogg: 62fdf1f143b41e24485cea50d1cbac27 -> 
  custom:video-encoder-webm-vp8: eb34c28f22e8b96e1ab97ce403110664 -> 
  custom:video-decoder-webm-vp8: 9c59270c3fd7afecdb556c50c9e8de78 -> 
  custom:audio-decoder-ogg-vorbis: bf7c407c2cedff20999df2af8eb42d56 -> 
  custom:audio-encoder-webm-vorbis: bf7c407c2cedff20999df2af8eb42d56 -> 
========================================================================
Received Import Request.
  Time since last request: 432.990891 seconds.
  path: Assets/Cha/Ch31_nonPBR@Sitting Laughing.fbx
  artifactKey: Guid(8a63be889884c9540bea4b3b6602a414) Importer(815301076,1909f56bfc062723c751e8b465ee728b)
Start importing Assets/Cha/Ch31_nonPBR@Sitting Laughing.fbx using Guid(8a63be889884c9540bea4b3b6602a414) Importer(815301076,1909f56bfc062723c751e8b465ee728b)  -> (artifact id: 'cdf5bccadd60fea2607eba4495c2e807') in 0.237421 seconds 
========================================================================
Received Import Request.
  Time since last request: 3.909453 seconds.
  path: Assets/Cha/Remy@Sitting Laughing.fbx
  artifactKey: Guid(e0af90fdab5d45d449e1da0441155eee) Importer(815301076,1909f56bfc062723c751e8b465ee728b)
Start importing Assets/Cha/Remy@Sitting Laughing.fbx using Guid(e0af90fdab5d45d449e1da0441155eee) Importer(815301076,1909f56bfc062723c751e8b465ee728b)  -> (artifact id: 'b494dfa53e3c8f0b61c90e12bb0320c4') in 0.110062 seconds 
========================================================================
Received Import Request.
  Time since last request: 18.683766 seconds.
  path: Assets/Cha/Ch31_nonPBR@Sitting Laughing.fbx
  artifactKey: Guid(8a63be889884c9540bea4b3b6602a414) Importer(815301076,1909f56bfc062723c751e8b465ee728b)
Start importing Assets/Cha/Ch31_nonPBR@Sitting Laughing.fbx using Guid(8a63be889884c9540bea4b3b6602a414) Importer(815301076,1909f56bfc062723c751e8b465ee728b)  -> (artifact id: '219901285ba8e47ef5576f040b88ef31') in 0.100304 seconds 
========================================================================
Received Import Request.
  Time since last request: 16.122648 seconds.
  path: Assets/Cha/Ch31_nonPBR@Sitting Laughing.fbx
  artifactKey: Guid(8a63be889884c9540bea4b3b6602a414) Importer(815301076,1909f56bfc062723c751e8b465ee728b)
Start importing Assets/Cha/Ch31_nonPBR@Sitting Laughing.fbx using Guid(8a63be889884c9540bea4b3b6602a414) Importer(815301076,1909f56bfc062723c751e8b465ee728b)  -> (artifact id: '246ff28054fafca87108d63401676c1c') in 0.104418 seconds 
========================================================================
Received Prepare
Registering precompiled user dll's ...
Registered in 0.002871 seconds.
Begin MonoManager ReloadAssembly
Native extension for WindowsStandalone target not found
Native extension for WebGL target not found
Refreshing native plugins compatible for Editor in 0.62 ms, found 2 plugins.
Preloading 0 native plugins for Editor in 0.00 ms.
Mono: successfully reloaded assembly
- Completed reload, in  0.973 seconds
Domain Reload Profiling:
	ReloadAssembly (973ms)
		BeginReloadAssembly (99ms)
			ExecutionOrderSort (0ms)
			DisableScriptedObjects (6ms)
			BackupInstance (0ms)
			ReleaseScriptingObjects (0ms)
			CreateAndSetChildDomain (35ms)
		EndReloadAssembly (826ms)
			LoadAssemblies (76ms)
			RebuildTransferFunctionScriptingTraits (0ms)
			SetupTypeCache (266ms)
			ReleaseScriptCaches (1ms)
			RebuildScriptCaches (39ms)
			SetupLoadedEditorAssemblies (336ms)
				LogAssemblyErrors (0ms)
				InitializePlatformSupportModulesInManaged (4ms)
				SetLoadedEditorAssemblies (0ms)
				RefreshPlugins (1ms)
				BeforeProcessingInitializeOnLoad (55ms)
				ProcessInitializeOnLoadAttributes (264ms)
				ProcessInitializeOnLoadMethodAttributes (10ms)
				AfterProcessingInitializeOnLoad (2ms)
				EditorAssembliesLoaded (0ms)
			ExecutionOrderSort2 (0ms)
			AwakeInstancesAfterBackupRestoration (11ms)
Platform modules already initialized, skipping
Switching render pipeline 00000000000000000000000000000000 -> 4a0cc1b60936419458ce0b961fccebc5
Refreshing native plugins compatible for Editor in 0.59 ms, found 2 plugins.
Preloading 0 native plugins for Editor in 0.00 ms.
Unloading 3055 Unused Serialized files (Serialized files now loaded: 0)
System memory in use before: 157.4 MB.
System memory in use after: 157.5 MB.

Unloading 16 unused Assets to reduce memory usage. Loaded Objects now: 3941.
Total: 3.862700 ms (FindLiveObjects: 0.307700 ms CreateObjectMapping: 0.093700 ms MarkObjects: 3.336100 ms  DeleteObjects: 0.124200 ms)

AssetImportParameters requested are different than current active one (requested -> active):
  custom:framework-win-MediaFoundation: 216162199b28c13a410421893ffa2e32 -> 
  custom:video-decoder-ogg-theora: a1e56fd34408186e4bbccfd4996cb3dc -> 
  custom:container-muxer-webm: aa71ff27fc2769a1b78a27578f13a17b -> 
  custom:container-demuxer-webm: 4f35f7cbe854078d1ac9338744f61a02 -> 
  custom:container-demuxer-ogg: 62fdf1f143b41e24485cea50d1cbac27 -> 
  custom:video-encoder-webm-vp8: eb34c28f22e8b96e1ab97ce403110664 -> 
  custom:video-decoder-webm-vp8: 9c59270c3fd7afecdb556c50c9e8de78 -> 
  custom:audio-decoder-ogg-vorbis: bf7c407c2cedff20999df2af8eb42d56 -> 
  custom:audio-encoder-webm-vorbis: bf7c407c2cedff20999df2af8eb42d56 -> 
========================================================================
Received Import Request.
  Time since last request: 40.969434 seconds.
  path: Assets/New Animator Controller.controller
  artifactKey: Guid(eefcb7379e983534ba529af71f8544ff) Importer(815301076,1909f56bfc062723c751e8b465ee728b)
Start importing Assets/New Animator Controller.controller using Guid(eefcb7379e983534ba529af71f8544ff) Importer(815301076,1909f56bfc062723c751e8b465ee728b)  -> (artifact id: 'fa9fbe43b8a7abe4a00d502691172ca6') in 0.038441 seconds 
========================================================================
Received Import Request.
  Time since last request: 7.303300 seconds.
  path: Assets/sitting.controller
  artifactKey: Guid(eefcb7379e983534ba529af71f8544ff) Importer(815301076,1909f56bfc062723c751e8b465ee728b)
Start importing Assets/sitting.controller using Guid(eefcb7379e983534ba529af71f8544ff) Importer(815301076,1909f56bfc062723c751e8b465ee728b)  -> (artifact id: '09d052243de0ad59fe12abeefdda46ef') in 0.007044 seconds 
========================================================================
Received Prepare
Registering precompiled user dll's ...
Registered in 0.004174 seconds.
Begin MonoManager ReloadAssembly
Native extension for WindowsStandalone target not found
Native extension for WebGL target not found
Refreshing native plugins compatible for Editor in 0.62 ms, found 2 plugins.
Preloading 0 native plugins for Editor in 0.00 ms.
Mono: successfully reloaded assembly
- Completed reload, in  0.994 seconds
Domain Reload Profiling:
	ReloadAssembly (994ms)
		BeginReloadAssembly (100ms)
			ExecutionOrderSort (0ms)
			DisableScriptedObjects (5ms)
			BackupInstance (0ms)
			ReleaseScriptingObjects (0ms)
			CreateAndSetChildDomain (34ms)
		EndReloadAssembly (845ms)
			LoadAssemblies (79ms)
			RebuildTransferFunctionScriptingTraits (0ms)
			SetupTypeCache (264ms)
			ReleaseScriptCaches (1ms)
			RebuildScriptCaches (40ms)
			SetupLoadedEditorAssemblies (351ms)
				LogAssemblyErrors (0ms)
				InitializePlatformSupportModulesInManaged (4ms)
				SetLoadedEditorAssemblies (0ms)
				RefreshPlugins (1ms)
				BeforeProcessingInitializeOnLoad (56ms)
				ProcessInitializeOnLoadAttributes (277ms)
				ProcessInitializeOnLoadMethodAttributes (10ms)
				AfterProcessingInitializeOnLoad (2ms)
				EditorAssembliesLoaded (0ms)
			ExecutionOrderSort2 (0ms)
			AwakeInstancesAfterBackupRestoration (11ms)
Platform modules already initialized, skipping
Switching render pipeline 00000000000000000000000000000000 -> 4a0cc1b60936419458ce0b961fccebc5
Refreshing native plugins compatible for Editor in 0.67 ms, found 2 plugins.
Preloading 0 native plugins for Editor in 0.00 ms.
Unloading 3055 Unused Serialized files (Serialized files now loaded: 0)
System memory in use before: 157.4 MB.
System memory in use after: 157.5 MB.

Unloading 16 unused Assets to reduce memory usage. Loaded Objects now: 3944.
Total: 4.475100 ms (FindLiveObjects: 0.465500 ms CreateObjectMapping: 0.216900 ms MarkObjects: 3.680300 ms  DeleteObjects: 0.111200 ms)

AssetImportParameters requested are different than current active one (requested -> active):
  custom:framework-win-MediaFoundation: 216162199b28c13a410421893ffa2e32 -> 
  custom:video-decoder-ogg-theora: a1e56fd34408186e4bbccfd4996cb3dc -> 
  custom:container-muxer-webm: aa71ff27fc2769a1b78a27578f13a17b -> 
  custom:container-demuxer-webm: 4f35f7cbe854078d1ac9338744f61a02 -> 
  custom:container-demuxer-ogg: 62fdf1f143b41e24485cea50d1cbac27 -> 
  custom:video-encoder-webm-vp8: eb34c28f22e8b96e1ab97ce403110664 -> 
  custom:video-decoder-webm-vp8: 9c59270c3fd7afecdb556c50c9e8de78 -> 
  custom:audio-decoder-ogg-vorbis: bf7c407c2cedff20999df2af8eb42d56 -> 
  custom:audio-encoder-webm-vorbis: bf7c407c2cedff20999df2af8eb42d56 -> 
========================================================================
Received Import Request.
  Time since last request: 408.861979 seconds.
  path: Assets/Cha/Ch36_nonPBR@Praying.fbx
  artifactKey: Guid(33c0238635cb9b242977dda0df8e440e) Importer(815301076,1909f56bfc062723c751e8b465ee728b)
Start importing Assets/Cha/Ch36_nonPBR@Praying.fbx using Guid(33c0238635cb9b242977dda0df8e440e) Importer(815301076,1909f56bfc062723c751e8b465ee728b)  -> (artifact id: '476157aee61412ab8dcec60058baa912') in 0.178669 seconds 
========================================================================
Received Import Request.
  Time since last request: 18.905618 seconds.
  path: Assets/Cha/Ch36_nonPBR@Praying.fbx
  artifactKey: Guid(33c0238635cb9b242977dda0df8e440e) Importer(815301076,1909f56bfc062723c751e8b465ee728b)
Start importing Assets/Cha/Ch36_nonPBR@Praying.fbx using Guid(33c0238635cb9b242977dda0df8e440e) Importer(815301076,1909f56bfc062723c751e8b465ee728b)  -> (artifact id: 'da2e7f37ba9609244519d7cae5ad8c39') in 0.043351 seconds 
========================================================================
Received Import Request.
  Time since last request: 6.174269 seconds.
  path: Assets/Cha/Ch36_nonPBR@Praying.fbx
  artifactKey: Guid(33c0238635cb9b242977dda0df8e440e) Importer(815301076,1909f56bfc062723c751e8b465ee728b)
Start importing Assets/Cha/Ch36_nonPBR@Praying.fbx using Guid(33c0238635cb9b242977dda0df8e440e) Importer(815301076,1909f56bfc062723c751e8b465ee728b)  -> (artifact id: '7298a4bc7d7fe5a6f76165d9cdb38c2d') in 0.051352 seconds 
========================================================================
Received Import Request.
  Time since last request: 6.653058 seconds.
  path: Assets/Cha/New Animator Controller.controller
  artifactKey: Guid(8dfc865143205634b9ab51ee9a512fa3) Importer(815301076,1909f56bfc062723c751e8b465ee728b)
Start importing Assets/Cha/New Animator Controller.controller using Guid(8dfc865143205634b9ab51ee9a512fa3) Importer(815301076,1909f56bfc062723c751e8b465ee728b)  -> (artifact id: 'a0785e00dabb4097ef52ba63b435a597') in 0.004222 seconds 
========================================================================
Received Import Request.
  Time since last request: 12.571908 seconds.
  path: Assets/Cha/movement.controller
  artifactKey: Guid(8dfc865143205634b9ab51ee9a512fa3) Importer(815301076,1909f56bfc062723c751e8b465ee728b)
Start importing Assets/Cha/movement.controller using Guid(8dfc865143205634b9ab51ee9a512fa3) Importer(815301076,1909f56bfc062723c751e8b465ee728b)  -> (artifact id: 'ea5a0cfc0389b339110fdc7247718d2e') in 0.006277 seconds 
========================================================================
Received Prepare
Registering precompiled user dll's ...
Registered in 0.003125 seconds.
Begin MonoManager ReloadAssembly
Native extension for WindowsStandalone target not found
Native extension for WebGL target not found
Refreshing native plugins compatible for Editor in 0.68 ms, found 2 plugins.
Preloading 0 native plugins for Editor in 0.00 ms.
Mono: successfully reloaded assembly
- Completed reload, in  1.084 seconds
Domain Reload Profiling:
	ReloadAssembly (1084ms)
		BeginReloadAssembly (103ms)
			ExecutionOrderSort (0ms)
			DisableScriptedObjects (5ms)
			BackupInstance (0ms)
			ReleaseScriptingObjects (0ms)
			CreateAndSetChildDomain (36ms)
		EndReloadAssembly (931ms)
			LoadAssemblies (81ms)
			RebuildTransferFunctionScriptingTraits (0ms)
			SetupTypeCache (293ms)
			ReleaseScriptCaches (2ms)
			RebuildScriptCaches (42ms)
			SetupLoadedEditorAssemblies (387ms)
				LogAssemblyErrors (0ms)
				InitializePlatformSupportModulesInManaged (4ms)
				SetLoadedEditorAssemblies (0ms)
				RefreshPlugins (1ms)
				BeforeProcessingInitializeOnLoad (61ms)
				ProcessInitializeOnLoadAttributes (306ms)
				ProcessInitializeOnLoadMethodAttributes (12ms)
				AfterProcessingInitializeOnLoad (2ms)
				EditorAssembliesLoaded (0ms)
			ExecutionOrderSort2 (0ms)
			AwakeInstancesAfterBackupRestoration (12ms)
Platform modules already initialized, skipping
Switching render pipeline 00000000000000000000000000000000 -> 4a0cc1b60936419458ce0b961fccebc5
Refreshing native plugins compatible for Editor in 0.62 ms, found 2 plugins.
Preloading 0 native plugins for Editor in 0.00 ms.
Unloading 3055 Unused Serialized files (Serialized files now loaded: 0)
System memory in use before: 157.6 MB.
System memory in use after: 157.8 MB.

Unloading 16 unused Assets to reduce memory usage. Loaded Objects now: 3983.
Total: 5.178500 ms (FindLiveObjects: 0.490600 ms CreateObjectMapping: 0.379500 ms MarkObjects: 4.191900 ms  DeleteObjects: 0.115100 ms)

AssetImportParameters requested are different than current active one (requested -> active):
  custom:framework-win-MediaFoundation: 216162199b28c13a410421893ffa2e32 -> 
  custom:video-decoder-ogg-theora: a1e56fd34408186e4bbccfd4996cb3dc -> 
  custom:container-muxer-webm: aa71ff27fc2769a1b78a27578f13a17b -> 
  custom:container-demuxer-webm: 4f35f7cbe854078d1ac9338744f61a02 -> 
  custom:container-demuxer-ogg: 62fdf1f143b41e24485cea50d1cbac27 -> 
  custom:video-encoder-webm-vp8: eb34c28f22e8b96e1ab97ce403110664 -> 
  custom:video-decoder-webm-vp8: 9c59270c3fd7afecdb556c50c9e8de78 -> 
  custom:audio-decoder-ogg-vorbis: bf7c407c2cedff20999df2af8eb42d56 -> 
  custom:audio-encoder-webm-vorbis: bf7c407c2cedff20999df2af8eb42d56 -> 
========================================================================
Received Import Request.
  Time since last request: 128.517029 seconds.
  path: Assets/Cha/Ch36_nonPBR@Praying.fbx
  artifactKey: Guid(33c0238635cb9b242977dda0df8e440e) Importer(815301076,1909f56bfc062723c751e8b465ee728b)
Start importing Assets/Cha/Ch36_nonPBR@Praying.fbx using Guid(33c0238635cb9b242977dda0df8e440e) Importer(815301076,1909f56bfc062723c751e8b465ee728b)  -> (artifact id: '0c41ef88a425feee196ec5ca45746d93') in 0.191622 seconds 
========================================================================
Received Import Request.
  Time since last request: 78.464622 seconds.
  path: Assets/Cha/Ch36_nonPBR@Standing Idle.fbx
  artifactKey: Guid(0adbba803e6eccd40be0c9eb2cd12f2a) Importer(815301076,1909f56bfc062723c751e8b465ee728b)
Start importing Assets/Cha/Ch36_nonPBR@Standing Idle.fbx using Guid(0adbba803e6eccd40be0c9eb2cd12f2a) Importer(815301076,1909f56bfc062723c751e8b465ee728b)  -> (artifact id: '52dd8a18168aabbfb4077639951f0525') in 0.039925 seconds 
========================================================================
Received Import Request.
  Time since last request: 33.679907 seconds.
  path: Assets/Cha/Ch36_nonPBR@Standing Idle.fbx
  artifactKey: Guid(0adbba803e6eccd40be0c9eb2cd12f2a) Importer(815301076,1909f56bfc062723c751e8b465ee728b)
Start importing Assets/Cha/Ch36_nonPBR@Standing Idle.fbx using Guid(0adbba803e6eccd40be0c9eb2cd12f2a) Importer(815301076,1909f56bfc062723c751e8b465ee728b)  -> (artifact id: '04ccbd47e8c3637c1d5c901799bf9da5') in 0.039412 seconds 
========================================================================
Received Import Request.
  Time since last request: 6.275949 seconds.
  path: Assets/Cha/Ch36_nonPBR@Standing Idle.fbx
  artifactKey: Guid(0adbba803e6eccd40be0c9eb2cd12f2a) Importer(815301076,1909f56bfc062723c751e8b465ee728b)
Start importing Assets/Cha/Ch36_nonPBR@Standing Idle.fbx using Guid(0adbba803e6eccd40be0c9eb2cd12f2a) Importer(815301076,1909f56bfc062723c751e8b465ee728b)  -> (artifact id: '62aec1b2b72e4b8fc4f3703ce3e8f9a4') in 0.034649 seconds 
========================================================================
Received Prepare
Registering precompiled user dll's ...
Registered in 0.002958 seconds.
Begin MonoManager ReloadAssembly
Native extension for WindowsStandalone target not found
Native extension for WebGL target not found
Refreshing native plugins compatible for Editor in 0.64 ms, found 2 plugins.
Preloading 0 native plugins for Editor in 0.00 ms.
Mono: successfully reloaded assembly
- Completed reload, in  1.004 seconds
Domain Reload Profiling:
	ReloadAssembly (1004ms)
		BeginReloadAssembly (102ms)
			ExecutionOrderSort (0ms)
			DisableScriptedObjects (6ms)
			BackupInstance (0ms)
			ReleaseScriptingObjects (0ms)
			CreateAndSetChildDomain (37ms)
		EndReloadAssembly (853ms)
			LoadAssemblies (77ms)
			RebuildTransferFunctionScriptingTraits (0ms)
			SetupTypeCache (272ms)
			ReleaseScriptCaches (1ms)
			RebuildScriptCaches (40ms)
			SetupLoadedEditorAssemblies (349ms)
				LogAssemblyErrors (0ms)
				InitializePlatformSupportModulesInManaged (4ms)
				SetLoadedEditorAssemblies (0ms)
				RefreshPlugins (1ms)
				BeforeProcessingInitializeOnLoad (56ms)
				ProcessInitializeOnLoadAttributes (275ms)
				ProcessInitializeOnLoadMethodAttributes (10ms)
				AfterProcessingInitializeOnLoad (3ms)
				EditorAssembliesLoaded (0ms)
			ExecutionOrderSort2 (0ms)
			AwakeInstancesAfterBackupRestoration (12ms)
Platform modules already initialized, skipping
Refreshing native plugins compatible for Editor in 0.88 ms, found 2 plugins.
Preloading 0 native plugins for Editor in 0.00 ms.
Unloading 3055 Unused Serialized files (Serialized files now loaded: 0)
System memory in use before: 157.7 MB.
System memory in use after: 157.9 MB.

Unloading 16 unused Assets to reduce memory usage. Loaded Objects now: 4022.
Total: 4.799300 ms (FindLiveObjects: 0.337100 ms CreateObjectMapping: 0.112200 ms MarkObjects: 4.226300 ms  DeleteObjects: 0.122100 ms)

AssetImportParameters requested are different than current active one (requested -> active):
  custom:framework-win-MediaFoundation: 216162199b28c13a410421893ffa2e32 -> 
  custom:video-decoder-ogg-theora: a1e56fd34408186e4bbccfd4996cb3dc -> 
  custom:container-muxer-webm: aa71ff27fc2769a1b78a27578f13a17b -> 
  custom:container-demuxer-webm: 4f35f7cbe854078d1ac9338744f61a02 -> 
  custom:container-demuxer-ogg: 62fdf1f143b41e24485cea50d1cbac27 -> 
  custom:video-encoder-webm-vp8: eb34c28f22e8b96e1ab97ce403110664 -> 
  custom:video-decoder-webm-vp8: 9c59270c3fd7afecdb556c50c9e8de78 -> 
  custom:audio-decoder-ogg-vorbis: bf7c407c2cedff20999df2af8eb42d56 -> 
  custom:audio-encoder-webm-vorbis: bf7c407c2cedff20999df2af8eb42d56 -> 
========================================================================
Received Import Request.
  Time since last request: 135.023387 seconds.
  path: Assets/UniversalRenderPipelineAsset.asset
  artifactKey: Guid(4a0cc1b60936419458ce0b961fccebc5) Importer(815301076,1909f56bfc062723c751e8b465ee728b)
Start importing Assets/UniversalRenderPipelineAsset.asset using Guid(4a0cc1b60936419458ce0b961fccebc5) Importer(815301076,1909f56bfc062723c751e8b465ee728b)  -> (artifact id: 'c7db29485e3a559efc23ce72adfbd757') in 0.020524 seconds 
========================================================================
Received Import Request.
  Time since last request: 0.000260 seconds.
  path: Assets/Water.mat
  artifactKey: Guid(5043d57bd0d3d7145b133ba5aaa2a998) Importer(815301076,1909f56bfc062723c751e8b465ee728b)
Start importing Assets/Water.mat using Guid(5043d57bd0d3d7145b133ba5aaa2a998) Importer(815301076,1909f56bfc062723c751e8b465ee728b)  -> (artifact id: '45f2a55b0a0ebd01373581de3fd33c56') in 0.152234 seconds 
========================================================================
Received Import Request.
  Time since last request: 0.000252 seconds.
  path: Assets/UniversalRenderPipelineAsset_Renderer.asset
  artifactKey: Guid(4d8551bdd6b42074cafabfffa7f685ec) Importer(815301076,1909f56bfc062723c751e8b465ee728b)
Start importing Assets/UniversalRenderPipelineAsset_Renderer.asset using Guid(4d8551bdd6b42074cafabfffa7f685ec) Importer(815301076,1909f56bfc062723c751e8b465ee728b)  -> (artifact id: '6e2585e8cf45b27ccb826ac899973059') in 0.007497 seconds 
========================================================================
Received Prepare
Registering precompiled user dll's ...
Registered in 0.002976 seconds.
Begin MonoManager ReloadAssembly
Native extension for WindowsStandalone target not found
Native extension for WebGL target not found
Refreshing native plugins compatible for Editor in 0.59 ms, found 2 plugins.
Preloading 0 native plugins for Editor in 0.00 ms.
Mono: successfully reloaded assembly
- Completed reload, in  1.030 seconds
Domain Reload Profiling:
	ReloadAssembly (1030ms)
		BeginReloadAssembly (102ms)
			ExecutionOrderSort (0ms)
			DisableScriptedObjects (5ms)
			BackupInstance (0ms)
			ReleaseScriptingObjects (0ms)
			CreateAndSetChildDomain (36ms)
		EndReloadAssembly (879ms)
			LoadAssemblies (78ms)
			RebuildTransferFunctionScriptingTraits (0ms)
			SetupTypeCache (271ms)
			ReleaseScriptCaches (1ms)
			RebuildScriptCaches (39ms)
			SetupLoadedEditorAssemblies (376ms)
				LogAssemblyErrors (0ms)
				InitializePlatformSupportModulesInManaged (4ms)
				SetLoadedEditorAssemblies (0ms)
				RefreshPlugins (1ms)
				BeforeProcessingInitializeOnLoad (56ms)
				ProcessInitializeOnLoadAttributes (301ms)
				ProcessInitializeOnLoadMethodAttributes (11ms)
				AfterProcessingInitializeOnLoad (2ms)
				EditorAssembliesLoaded (0ms)
			ExecutionOrderSort2 (0ms)
			AwakeInstancesAfterBackupRestoration (12ms)
Platform modules already initialized, skipping
Refreshing native plugins compatible for Editor in 0.60 ms, found 2 plugins.
Preloading 0 native plugins for Editor in 0.00 ms.
Unloading 3058 Unused Serialized files (Serialized files now loaded: 0)
System memory in use before: 158.5 MB.
System memory in use after: 158.7 MB.

Unloading 16 unused Assets to reduce memory usage. Loaded Objects now: 4064.
Total: 3.934300 ms (FindLiveObjects: 0.324000 ms CreateObjectMapping: 0.095200 ms MarkObjects: 3.300900 ms  DeleteObjects: 0.213300 ms)

AssetImportParameters requested are different than current active one (requested -> active):
  custom:framework-win-MediaFoundation: 216162199b28c13a410421893ffa2e32 -> 
  custom:video-decoder-ogg-theora: a1e56fd34408186e4bbccfd4996cb3dc -> 
  custom:container-muxer-webm: aa71ff27fc2769a1b78a27578f13a17b -> 
  custom:container-demuxer-webm: 4f35f7cbe854078d1ac9338744f61a02 -> 
  custom:container-demuxer-ogg: 62fdf1f143b41e24485cea50d1cbac27 -> 
  custom:video-encoder-webm-vp8: eb34c28f22e8b96e1ab97ce403110664 -> 
  custom:video-decoder-webm-vp8: 9c59270c3fd7afecdb556c50c9e8de78 -> 
  custom:audio-decoder-ogg-vorbis: bf7c407c2cedff20999df2af8eb42d56 -> 
  custom:audio-encoder-webm-vorbis: bf7c407c2cedff20999df2af8eb42d56 -> 
AssetImportWorkerClient::OnTransportError - code=2 error=End of file
